<?xml version="1.0" encoding="UTF-8"?>
<testng-results ignored="0" total="2" passed="2" failed="0" skipped="0">
  <reporter-output>
  </reporter-output>
  <suite started-at="2023-12-20T10:38:36 IST" name="Default suite" finished-at="2023-12-20T10:38:40 IST" duration-ms="4403">
    <groups>
    </groups>
    <test started-at="2023-12-20T10:38:36 IST" name="Default test" finished-at="2023-12-20T10:38:40 IST" duration-ms="4403">
      <class name="courseEndProject.Assignment005And006">
        <test-method signature="assignment005FindByStatus()[pri:49, instance:courseEndProject.Assignment005And006@342c38f8]" started-at="2023-12-20T10:38:36 IST" name="assignment005FindByStatus" finished-at="2023-12-20T10:38:38 IST" duration-ms="2573" status="PASS">
          <reporter-output>
          </reporter-output>
        </test-method> <!-- assignment005FindByStatus -->
        <test-method signature="assignment006Logout()[pri:50, instance:courseEndProject.Assignment005And006@342c38f8]" started-at="2023-12-20T10:38:38 IST" name="assignment006Logout" finished-at="2023-12-20T10:38:40 IST" duration-ms="1787" status="PASS">
          <reporter-output>
          </reporter-output>
        </test-method> <!-- assignment006Logout -->
      </class> <!-- courseEndProject.Assignment005And006 -->
    </test> <!-- Default test -->
  </suite> <!-- Default suite -->
</testng-results>
