<?xml version="1.0" encoding="UTF-8"?>
<!-- Generated by org.testng.reporters.JUnitXMLReporter -->
<testsuite ignored="0" hostname="DESKTOP-EUH2O3V" failures="0" tests="2" name="Default test" time="4.403" errors="0" timestamp="2023-12-20T10:38:40 IST">
  <testcase classname="courseEndProject.Assignment005And006" name="assignment005FindByStatus" time="2.573"/>
  <testcase classname="courseEndProject.Assignment005And006" name="assignment006Logout" time="1.787"/>
</testsuite> <!-- Default test -->
